============================================
 Building Extension Guardian executables...
============================================

Setting up isolated Python environment...
Installing required packages (no admin rights needed)...
Requirement already satisfied: pip in c:\users\wifi stuff\onedrive - tu eindhoven\chromeextentiins\.build_venv\lib\site-packages (25.3)
Requirement already satisfied: setuptools in c:\users\wifi stuff\onedrive - tu eindhoven\chromeextentiins\.build_venv\lib\site-packages (80.9.0)
Requirement already satisfied: wheel in c:\users\wifi stuff\onedrive - tu eindhoven\chromeextentiins\.build_venv\lib\site-packages (0.45.1)
Requirement already satisfied: psutil>=5.9.0 in c:\users\wifi stuff\onedrive - tu eindhoven\chromeextentiins\.build_venv\lib\site-packages (from -r requirements.txt (line 1)) (7.1.3)
Requirement already satisfied: pystray>=0.19.4 in c:\users\wifi stuff\onedrive - tu eindhoven\chromeextentiins\.build_venv\lib\site-packages (from -r requirements.txt (line 2)) (0.19.5)
Requirement already satisfied: Pillow>=9.0.0 in c:\users\wifi stuff\onedrive - tu eindhoven\chromeextentiins\.build_venv\lib\site-packages (from -r requirements.txt (line 3)) (12.0.0)
Requirement already satisfied: pywin32>=227 in c:\users\wifi stuff\onedrive - tu eindhoven\chromeextentiins\.build_venv\lib\site-packages (from -r requirements.txt (line 4)) (311)
Requirement already satisfied: pyinstaller>=5.0.0 in c:\users\wifi stuff\onedrive - tu eindhoven\chromeextentiins\.build_venv\lib\site-packages (from -r requirements.txt (line 5)) (6.17.0)
Requirement already satisfied: six in c:\users\wifi stuff\onedrive - tu eindhoven\chromeextentiins\.build_venv\lib\site-packages (from pystray>=0.19.4->-r requirements.txt (line 2)) (1.17.0)
Requirement already satisfied: altgraph in c:\users\wifi stuff\onedrive - tu eindhoven\chromeextentiins\.build_venv\lib\site-packages (from pyinstaller>=5.0.0->-r requirements.txt (line 5)) (0.17.5)
Requirement already satisfied: packaging>=22.0 in c:\users\wifi stuff\onedrive - tu eindhoven\chromeextentiins\.build_venv\lib\site-packages (from pyinstaller>=5.0.0->-r requirements.txt (line 5)) (25.0)
Requirement already satisfied: pefile>=2022.5.30 in c:\users\wifi stuff\onedrive - tu eindhoven\chromeextentiins\.build_venv\lib\site-packages (from pyinstaller>=5.0.0->-r requirements.txt (line 5)) (2024.8.26)
Requirement already satisfied: pyinstaller-hooks-contrib>=2025.9 in c:\users\wifi stuff\onedrive - tu eindhoven\chromeextentiins\.build_venv\lib\site-packages (from pyinstaller>=5.0.0->-r requirements.txt (line 5)) (2025.11)
Requirement already satisfied: pywin32-ctypes>=0.2.1 in c:\users\wifi stuff\onedrive - tu eindhoven\chromeextentiins\.build_venv\lib\site-packages (from pyinstaller>=5.0.0->-r requirements.txt (line 5)) (0.2.3)
Requirement already satisfied: setuptools>=42.0.0 in c:\users\wifi stuff\onedrive - tu eindhoven\chromeextentiins\.build_venv\lib\site-packages (from pyinstaller>=5.0.0->-r requirements.txt (line 5)) (80.9.0)

Stopping any running Guardian processes...

Cleaning previous build artifacts (keeping other executables)...
Deleting old extension-guardian-desktop.exe...

Building executables...
Using individual .spec files when present...
Building extension-guardian-desktop.exe from spec...
730 INFO: PyInstaller: 6.17.0, contrib hooks: 2025.11
731 INFO: Python: 3.14.0
794 INFO: Platform: Windows-11-10.0.26200-SP0
794 INFO: Python environment: C:\Users\wifi stuff\OneDrive - TU Eindhoven\chromeextentiins\.build_venv
799 INFO: Removing temporary files and cleaning cache in C:\Users\wifi stuff\AppData\Local\pyinstaller
804 INFO: Module search paths (PYTHONPATH):
['C:\\Users\\wifi stuff\\OneDrive - TU Eindhoven\\chromeextentiins',
 'C:\\Python314\\python314.zip',
 'C:\\Python314\\DLLs',
 'C:\\Python314\\Lib',
 'C:\\Python314',
 'C:\\Users\\wifi stuff\\OneDrive - TU '
 'Eindhoven\\chromeextentiins\\.build_venv',
 'C:\\Users\\wifi stuff\\OneDrive - TU '
 'Eindhoven\\chromeextentiins\\.build_venv\\Lib\\site-packages',
 'C:\\Users\\wifi stuff\\OneDrive - TU '
 'Eindhoven\\chromeextentiins\\.build_venv\\Lib\\site-packages\\win32',
 'C:\\Users\\wifi stuff\\OneDrive - TU '
 'Eindhoven\\chromeextentiins\\.build_venv\\Lib\\site-packages\\win32\\lib',
 'C:\\Users\\wifi stuff\\OneDrive - TU '
 'Eindhoven\\chromeextentiins\\.build_venv\\Lib\\site-packages\\Pythonwin',
 'C:\\Users\\wifi stuff\\OneDrive - TU Eindhoven\\chromeextentiins']
1666 INFO: checking Analysis
1666 INFO: Building Analysis because Analysis-00.toc is non existent
1667 INFO: Looking for Python shared library...
1667 INFO: Using Python shared library: C:\Python314\python314.dll
1667 INFO: Running Analysis Analysis-00.toc
1667 INFO: Target bytecode optimization level: 0
1667 INFO: Initializing module dependency graph...
1671 INFO: Initializing module graph hook caches...
1785 INFO: Analyzing modules for base_library.zip ...
7702 INFO: Processing standard module hook 'hook-encodings.py' from 'C:\\Users\\wifi stuff\\OneDrive - TU Eindhoven\\chromeextentiins\\.build_venv\\Lib\\site-packages\\PyInstaller\\hooks'
9767 INFO: Processing standard module hook 'hook-pickle.py' from 'C:\\Users\\wifi stuff\\OneDrive - TU Eindhoven\\chromeextentiins\\.build_venv\\Lib\\site-packages\\PyInstaller\\hooks'
19031 INFO: Processing standard module hook 'hook-difflib.py' from 'C:\\Users\\wifi stuff\\OneDrive - TU Eindhoven\\chromeextentiins\\.build_venv\\Lib\\site-packages\\PyInstaller\\hooks'
19075 INFO: Processing standard module hook 'hook-heapq.py' from 'C:\\Users\\wifi stuff\\OneDrive - TU Eindhoven\\chromeextentiins\\.build_venv\\Lib\\site-packages\\PyInstaller\\hooks'
21210 INFO: Caching module dependency graph...
21314 INFO: Analyzing C:\Users\wifi stuff\OneDrive - TU Eindhoven\chromeextentiins\extension-guardian-desktop.py
21529 INFO: Processing standard module hook 'hook-pystray.py' from 'C:\\Users\\wifi stuff\\OneDrive - TU Eindhoven\\chromeextentiins\\.build_venv\\Lib\\site-packages\\_pyinstaller_hooks_contrib\\stdhooks'
22507 INFO: Processing pre-safe-import-module hook 'hook-six.moves.py' from 'C:\\Users\\wifi stuff\\OneDrive - TU Eindhoven\\chromeextentiins\\.build_venv\\Lib\\site-packages\\PyInstaller\\hooks\\pre_safe_import_module'
22845 INFO: Processing pre-safe-import-module hook 'hook-gi.py' from 'C:\\Users\\wifi stuff\\OneDrive - TU Eindhoven\\chromeextentiins\\.build_venv\\Lib\\site-packages\\PyInstaller\\hooks\\pre_safe_import_module'
C:\Users\wifi stuff\OneDrive - TU Eindhoven\chromeextentiins\.build_venv\Lib\site-packages\pystray\_util\gtk.py:53: SyntaxWarning: 'return' in a 'finally' block
  return False
22921 INFO: Processing standard module hook 'hook-PIL.py' from 'C:\\Users\\wifi stuff\\OneDrive - TU Eindhoven\\chromeextentiins\\.build_venv\\Lib\\site-packages\\PyInstaller\\hooks'
23064 INFO: Processing standard module hook 'hook-_ctypes.py' from 'C:\\Users\\wifi stuff\\OneDrive - TU Eindhoven\\chromeextentiins\\.build_venv\\Lib\\site-packages\\PyInstaller\\hooks'
23632 INFO: Processing standard module hook 'hook-PIL.Image.py' from 'C:\\Users\\wifi stuff\\OneDrive - TU Eindhoven\\chromeextentiins\\.build_venv\\Lib\\site-packages\\PyInstaller\\hooks'
24888 INFO: Processing standard module hook 'hook-xml.py' from 'C:\\Users\\wifi stuff\\OneDrive - TU Eindhoven\\chromeextentiins\\.build_venv\\Lib\\site-packages\\PyInstaller\\hooks'
25009 INFO: Processing standard module hook 'hook-xml.etree.cElementTree.py' from 'C:\\Users\\wifi stuff\\OneDrive - TU Eindhoven\\chromeextentiins\\.build_venv\\Lib\\site-packages\\PyInstaller\\hooks'
25744 INFO: Processing standard module hook 'hook-PIL.ImageFilter.py' from 'C:\\Users\\wifi stuff\\OneDrive - TU Eindhoven\\chromeextentiins\\.build_venv\\Lib\\site-packages\\PyInstaller\\hooks'
26880 INFO: Processing pre-find-module-path hook 'hook-tkinter.py' from 'C:\\Users\\wifi stuff\\OneDrive - TU Eindhoven\\chromeextentiins\\.build_venv\\Lib\\site-packages\\PyInstaller\\hooks\\pre_find_module_path'
26882 INFO: TclTkInfo: initializing cached Tcl/Tk info...
28406 INFO: Processing standard module hook 'hook-_tkinter.py' from 'C:\\Users\\wifi stuff\\OneDrive - TU Eindhoven\\chromeextentiins\\.build_venv\\Lib\\site-packages\\PyInstaller\\hooks'
28745 INFO: Processing standard module hook 'hook-psutil.py' from 'C:\\Users\\wifi stuff\\OneDrive - TU Eindhoven\\chromeextentiins\\.build_venv\\Lib\\site-packages\\_pyinstaller_hooks_contrib\\stdhooks'
29133 INFO: Processing module hooks (post-graph stage)...
30230 INFO: Processing standard module hook 'hook-PIL.SpiderImagePlugin.py' from 'C:\\Users\\wifi stuff\\OneDrive - TU Eindhoven\\chromeextentiins\\.build_venv\\Lib\\site-packages\\PyInstaller\\hooks'
30581 INFO: Processing standard module hook 'hook-_tkinter.py' from 'C:\\Users\\wifi stuff\\OneDrive - TU Eindhoven\\chromeextentiins\\.build_venv\\Lib\\site-packages\\PyInstaller\\hooks'
30609 INFO: Performing binary vs. data reclassification (927 entries)
31182 INFO: Looking for ctypes DLLs
31287 INFO: Analyzing run-time hooks ...
31290 INFO: Including run-time hook 'pyi_rth_inspect.py' from 'C:\\Users\\wifi stuff\\OneDrive - TU Eindhoven\\chromeextentiins\\.build_venv\\Lib\\site-packages\\PyInstaller\\hooks\\rthooks'
31300 INFO: Including run-time hook 'pyi_rth__tkinter.py' from 'C:\\Users\\wifi stuff\\OneDrive - TU Eindhoven\\chromeextentiins\\.build_venv\\Lib\\site-packages\\PyInstaller\\hooks\\rthooks'
31366 INFO: Creating base_library.zip...
31417 INFO: Looking for dynamic libraries
31960 INFO: Extra DLL search directories (AddDllDirectory): []
31960 INFO: Extra DLL search directories (PATH): []
33021 INFO: Warnings written to C:\Users\wifi stuff\OneDrive - TU Eindhoven\chromeextentiins\build\extension-guardian-desktop\warn-extension-guardian-desktop.txt
33075 INFO: Graph cross-reference written to C:\Users\wifi stuff\OneDrive - TU Eindhoven\chromeextentiins\build\extension-guardian-desktop\xref-extension-guardian-desktop.html
33164 INFO: checking PYZ
33164 INFO: Building PYZ because PYZ-00.toc is non existent
33164 INFO: Building PYZ (ZlibArchive) C:\Users\wifi stuff\OneDrive - TU Eindhoven\chromeextentiins\build\extension-guardian-desktop\PYZ-00.pyz
33514 INFO: Building PYZ (ZlibArchive) C:\Users\wifi stuff\OneDrive - TU Eindhoven\chromeextentiins\build\extension-guardian-desktop\PYZ-00.pyz completed successfully.
33581 INFO: checking PKG
33582 INFO: Building PKG because PKG-00.toc is non existent
33582 INFO: Building PKG (CArchive) extension-guardian-desktop.pkg
37707 INFO: Building PKG (CArchive) extension-guardian-desktop.pkg completed successfully.
37753 INFO: Bootloader C:\Users\wifi stuff\OneDrive - TU Eindhoven\chromeextentiins\.build_venv\Lib\site-packages\PyInstaller\bootloader\Windows-64bit-intel\runw.exe
37753 INFO: checking EXE
37754 INFO: Building EXE because EXE-00.toc is non existent
37754 INFO: Building EXE from EXE-00.toc
37754 INFO: Copying bootloader EXE to C:\Users\wifi stuff\OneDrive - TU Eindhoven\chromeextentiins\dist\extension-guardian-desktop.exe
37775 INFO: Copying icon to EXE
37991 INFO: Copying 0 resources to EXE
37991 INFO: Embedding manifest in EXE
38008 INFO: Appending PKG archive to EXE
38184 INFO: Fixing EXE headers
42594 INFO: Building EXE from EXE-00.toc completed successfully.
42638 INFO: Build complete! The results are available in: C:\Users\wifi stuff\OneDrive - TU Eindhoven\chromeextentiins\dist
Building extension_guardian_service.exe from spec...
432 INFO: PyInstaller: 6.17.0, contrib hooks: 2025.11
433 INFO: Python: 3.14.0
494 INFO: Platform: Windows-11-10.0.26200-SP0
495 INFO: Python environment: C:\Users\wifi stuff\OneDrive - TU Eindhoven\chromeextentiins\.build_venv
498 INFO: Removing temporary files and cleaning cache in C:\Users\wifi stuff\AppData\Local\pyinstaller
502 INFO: Module search paths (PYTHONPATH):
['C:\\Users\\wifi stuff\\OneDrive - TU Eindhoven\\chromeextentiins',
 'C:\\Python314\\python314.zip',
 'C:\\Python314\\DLLs',
 'C:\\Python314\\Lib',
 'C:\\Python314',
 'C:\\Users\\wifi stuff\\OneDrive - TU '
 'Eindhoven\\chromeextentiins\\.build_venv',
 'C:\\Users\\wifi stuff\\OneDrive - TU '
 'Eindhoven\\chromeextentiins\\.build_venv\\Lib\\site-packages',
 'C:\\Users\\wifi stuff\\OneDrive - TU '
 'Eindhoven\\chromeextentiins\\.build_venv\\Lib\\site-packages\\win32',
 'C:\\Users\\wifi stuff\\OneDrive - TU '
 'Eindhoven\\chromeextentiins\\.build_venv\\Lib\\site-packages\\win32\\lib',
 'C:\\Users\\wifi stuff\\OneDrive - TU '
 'Eindhoven\\chromeextentiins\\.build_venv\\Lib\\site-packages\\Pythonwin',
 'C:\\Users\\wifi stuff\\OneDrive - TU Eindhoven\\chromeextentiins']
1594 INFO: checking Analysis
1595 INFO: Building Analysis because Analysis-00.toc is non existent
1595 INFO: Looking for Python shared library...
1595 INFO: Using Python shared library: C:\Python314\python314.dll
1595 INFO: Running Analysis Analysis-00.toc
1595 INFO: Target bytecode optimization level: 0
1595 INFO: Initializing module dependency graph...
1597 INFO: Initializing module graph hook caches...
1634 INFO: Analyzing modules for base_library.zip ...
5897 INFO: Processing standard module hook 'hook-encodings.py' from 'C:\\Users\\wifi stuff\\OneDrive - TU Eindhoven\\chromeextentiins\\.build_venv\\Lib\\site-packages\\PyInstaller\\hooks'
12144 INFO: Processing standard module hook 'hook-difflib.py' from 'C:\\Users\\wifi stuff\\OneDrive - TU Eindhoven\\chromeextentiins\\.build_venv\\Lib\\site-packages\\PyInstaller\\hooks'
12184 INFO: Processing standard module hook 'hook-heapq.py' from 'C:\\Users\\wifi stuff\\OneDrive - TU Eindhoven\\chromeextentiins\\.build_venv\\Lib\\site-packages\\PyInstaller\\hooks'
12599 INFO: Processing standard module hook 'hook-pickle.py' from 'C:\\Users\\wifi stuff\\OneDrive - TU Eindhoven\\chromeextentiins\\.build_venv\\Lib\\site-packages\\PyInstaller\\hooks'
17211 INFO: Caching module dependency graph...
17358 INFO: Analyzing C:\Users\wifi stuff\OneDrive - TU Eindhoven\chromeextentiins\extension_guardian_service.py
17515 INFO: Processing standard module hook 'hook-pywintypes.py' from 'C:\\Users\\wifi stuff\\OneDrive - TU Eindhoven\\chromeextentiins\\.build_venv\\Lib\\site-packages\\_pyinstaller_hooks_contrib\\stdhooks'
18914 INFO: Processing standard module hook 'hook-psutil.py' from 'C:\\Users\\wifi stuff\\OneDrive - TU Eindhoven\\chromeextentiins\\.build_venv\\Lib\\site-packages\\_pyinstaller_hooks_contrib\\stdhooks'
19080 INFO: Processing standard module hook 'hook-_ctypes.py' from 'C:\\Users\\wifi stuff\\OneDrive - TU Eindhoven\\chromeextentiins\\.build_venv\\Lib\\site-packages\\PyInstaller\\hooks'
19223 INFO: Processing module hooks (post-graph stage)...
19265 INFO: Performing binary vs. data reclassification (2 entries)
19272 INFO: Looking for ctypes DLLs
19314 INFO: Analyzing run-time hooks ...
19316 INFO: Including run-time hook 'pyi_rth_inspect.py' from 'C:\\Users\\wifi stuff\\OneDrive - TU Eindhoven\\chromeextentiins\\.build_venv\\Lib\\site-packages\\PyInstaller\\hooks\\rthooks'
19328 INFO: Including run-time hook 'pyi_rth_pywintypes.py' from 'C:\\Users\\wifi stuff\\OneDrive - TU Eindhoven\\chromeextentiins\\.build_venv\\Lib\\site-packages\\_pyinstaller_hooks_contrib\\rthooks'
19341 INFO: Creating base_library.zip...
19389 INFO: Looking for dynamic libraries
19751 INFO: Extra DLL search directories (AddDllDirectory): []
19751 INFO: Extra DLL search directories (PATH): []
20378 INFO: Warnings written to C:\Users\wifi stuff\OneDrive - TU Eindhoven\chromeextentiins\build\extension_guardian_service\warn-extension_guardian_service.txt
20481 INFO: Graph cross-reference written to C:\Users\wifi stuff\OneDrive - TU Eindhoven\chromeextentiins\build\extension_guardian_service\xref-extension_guardian_service.html
20534 INFO: checking PYZ
20534 INFO: Building PYZ because PYZ-00.toc is non existent
20535 INFO: Building PYZ (ZlibArchive) C:\Users\wifi stuff\OneDrive - TU Eindhoven\chromeextentiins\build\extension_guardian_service\PYZ-00.pyz
20814 INFO: Building PYZ (ZlibArchive) C:\Users\wifi stuff\OneDrive - TU Eindhoven\chromeextentiins\build\extension_guardian_service\PYZ-00.pyz completed successfully.
20849 INFO: checking PKG
20849 INFO: Building PKG because PKG-00.toc is non existent
20849 INFO: Building PKG (CArchive) extension_guardian_service.pkg
22601 INFO: Building PKG (CArchive) extension_guardian_service.pkg completed successfully.
22614 INFO: Bootloader C:\Users\wifi stuff\OneDrive - TU Eindhoven\chromeextentiins\.build_venv\Lib\site-packages\PyInstaller\bootloader\Windows-64bit-intel\run.exe
22615 INFO: checking EXE
22615 INFO: Building EXE because EXE-00.toc is non existent
22615 INFO: Building EXE from EXE-00.toc
22615 INFO: Copying bootloader EXE to C:\Users\wifi stuff\OneDrive - TU Eindhoven\chromeextentiins\dist\extension_guardian_service.exe
22801 INFO: Copying icon to EXE
22922 INFO: Copying 0 resources to EXE
22923 INFO: Embedding manifest in EXE
23082 INFO: Appending PKG archive to EXE
23258 INFO: Fixing EXE headers
26071 INFO: Building EXE from EXE-00.toc completed successfully.
26075 INFO: Build complete! The results are available in: C:\Users\wifi stuff\OneDrive - TU Eindhoven\chromeextentiins\dist
Building guardian_watchdog.exe from spec...
399 INFO: PyInstaller: 6.17.0, contrib hooks: 2025.11
401 INFO: Python: 3.14.0
453 INFO: Platform: Windows-11-10.0.26200-SP0
453 INFO: Python environment: C:\Users\wifi stuff\OneDrive - TU Eindhoven\chromeextentiins\.build_venv
456 INFO: Removing temporary files and cleaning cache in C:\Users\wifi stuff\AppData\Local\pyinstaller
463 INFO: Module search paths (PYTHONPATH):
['C:\\Users\\wifi stuff\\OneDrive - TU Eindhoven\\chromeextentiins',
 'C:\\Python314\\python314.zip',
 'C:\\Python314\\DLLs',
 'C:\\Python314\\Lib',
 'C:\\Python314',
 'C:\\Users\\wifi stuff\\OneDrive - TU '
 'Eindhoven\\chromeextentiins\\.build_venv',
 'C:\\Users\\wifi stuff\\OneDrive - TU '
 'Eindhoven\\chromeextentiins\\.build_venv\\Lib\\site-packages',
 'C:\\Users\\wifi stuff\\OneDrive - TU '
 'Eindhoven\\chromeextentiins\\.build_venv\\Lib\\site-packages\\win32',
 'C:\\Users\\wifi stuff\\OneDrive - TU '
 'Eindhoven\\chromeextentiins\\.build_venv\\Lib\\site-packages\\win32\\lib',
 'C:\\Users\\wifi stuff\\OneDrive - TU '
 'Eindhoven\\chromeextentiins\\.build_venv\\Lib\\site-packages\\Pythonwin',
 'C:\\Users\\wifi stuff\\OneDrive - TU Eindhoven\\chromeextentiins']
1137 INFO: checking Analysis
1138 INFO: Building Analysis because Analysis-00.toc is non existent
1138 INFO: Looking for Python shared library...
1138 INFO: Using Python shared library: C:\Python314\python314.dll
1138 INFO: Running Analysis Analysis-00.toc
1138 INFO: Target bytecode optimization level: 0
1138 INFO: Initializing module dependency graph...
1140 INFO: Initializing module graph hook caches...
1169 INFO: Analyzing modules for base_library.zip ...
4227 INFO: Processing standard module hook 'hook-heapq.py' from 'C:\\Users\\wifi stuff\\OneDrive - TU Eindhoven\\chromeextentiins\\.build_venv\\Lib\\site-packages\\PyInstaller\\hooks'
5273 INFO: Processing standard module hook 'hook-encodings.py' from 'C:\\Users\\wifi stuff\\OneDrive - TU Eindhoven\\chromeextentiins\\.build_venv\\Lib\\site-packages\\PyInstaller\\hooks'
14005 INFO: Processing standard module hook 'hook-difflib.py' from 'C:\\Users\\wifi stuff\\OneDrive - TU Eindhoven\\chromeextentiins\\.build_venv\\Lib\\site-packages\\PyInstaller\\hooks'
14545 INFO: Processing standard module hook 'hook-pickle.py' from 'C:\\Users\\wifi stuff\\OneDrive - TU Eindhoven\\chromeextentiins\\.build_venv\\Lib\\site-packages\\PyInstaller\\hooks'
21440 INFO: Caching module dependency graph...
21537 INFO: Analyzing C:\Users\wifi stuff\OneDrive - TU Eindhoven\chromeextentiins\guardian_watchdog.py
21760 INFO: Processing standard module hook 'hook-psutil.py' from 'C:\\Users\\wifi stuff\\OneDrive - TU Eindhoven\\chromeextentiins\\.build_venv\\Lib\\site-packages\\_pyinstaller_hooks_contrib\\stdhooks'
21941 INFO: Processing standard module hook 'hook-_ctypes.py' from 'C:\\Users\\wifi stuff\\OneDrive - TU Eindhoven\\chromeextentiins\\.build_venv\\Lib\\site-packages\\PyInstaller\\hooks'
22074 INFO: Processing module hooks (post-graph stage)...
22112 INFO: Performing binary vs. data reclassification (1 entries)
22116 INFO: Looking for ctypes DLLs
22149 INFO: Analyzing run-time hooks ...
22151 INFO: Including run-time hook 'pyi_rth_inspect.py' from 'C:\\Users\\wifi stuff\\OneDrive - TU Eindhoven\\chromeextentiins\\.build_venv\\Lib\\site-packages\\PyInstaller\\hooks\\rthooks'
22169 INFO: Creating base_library.zip...
22229 INFO: Looking for dynamic libraries
22761 INFO: Extra DLL search directories (AddDllDirectory): []
22761 INFO: Extra DLL search directories (PATH): []
23266 INFO: Warnings written to C:\Users\wifi stuff\OneDrive - TU Eindhoven\chromeextentiins\build\guardian_watchdog\warn-guardian_watchdog.txt
23327 INFO: Graph cross-reference written to C:\Users\wifi stuff\OneDrive - TU Eindhoven\chromeextentiins\build\guardian_watchdog\xref-guardian_watchdog.html
23372 INFO: checking PYZ
23372 INFO: Building PYZ because PYZ-00.toc is non existent
23372 INFO: Building PYZ (ZlibArchive) C:\Users\wifi stuff\OneDrive - TU Eindhoven\chromeextentiins\build\guardian_watchdog\PYZ-00.pyz
23645 INFO: Building PYZ (ZlibArchive) C:\Users\wifi stuff\OneDrive - TU Eindhoven\chromeextentiins\build\guardian_watchdog\PYZ-00.pyz completed successfully.
23675 INFO: checking PKG
23676 INFO: Building PKG because PKG-00.toc is non existent
23676 INFO: Building PKG (CArchive) guardian_watchdog.pkg
25393 INFO: Building PKG (CArchive) guardian_watchdog.pkg completed successfully.
25402 INFO: Bootloader C:\Users\wifi stuff\OneDrive - TU Eindhoven\chromeextentiins\.build_venv\Lib\site-packages\PyInstaller\bootloader\Windows-64bit-intel\run.exe
25402 INFO: checking EXE
25402 INFO: Building EXE because EXE-00.toc is non existent
25402 INFO: Building EXE from EXE-00.toc
25402 INFO: Copying bootloader EXE to C:\Users\wifi stuff\OneDrive - TU Eindhoven\chromeextentiins\dist\guardian_watchdog.exe
25526 INFO: Copying icon to EXE
25638 INFO: Copying 0 resources to EXE
25638 INFO: Embedding manifest in EXE
25782 INFO: Appending PKG archive to EXE
26021 INFO: Fixing EXE headers
29655 INFO: Building EXE from EXE-00.toc completed successfully.
29659 INFO: Build complete! The results are available in: C:\Users\wifi stuff\OneDrive - TU Eindhoven\chromeextentiins\dist
... was unexpected at this time.
